<?xml version="1.0" encoding="UTF-8"?>
<testng-results skipped="0" failed="0" total="1" passed="1">
  <reporter-output>
  </reporter-output>
  <suite name="Default suite" duration-ms="21383" started-at="2019-05-21T02:04:42Z" finished-at="2019-05-21T02:05:03Z">
    <groups>
    </groups>
    <test name="Default test" duration-ms="21383" started-at="2019-05-21T02:04:42Z" finished-at="2019-05-21T02:05:03Z">
      <class name="pom.LoginTC_POM">
        <test-method status="PASS" signature="login()[pri:0, instance:pom.LoginTC_POM@5609159b]" name="login" duration-ms="20853" started-at="2019-05-21T07:34:42Z" finished-at="2019-05-21T07:35:03Z">
          <reporter-output>
          </reporter-output>
        </test-method> <!-- login -->
      </class> <!-- pom.LoginTC_POM -->
    </test> <!-- Default test -->
  </suite> <!-- Default suite -->
</testng-results>
